<?xml version="1.0" encoding="UTF-8"?>
<!-- Generated by org.testng.reporters.JUnitXMLReporter -->
<testsuite ignored="0" hostname="DESKTOP-RK7M9RD" failures="0" tests="3" name="Default test" time="24.125" errors="0" timestamp="2025-06-21T21:31:55 NPT">
  <testcase classname="test.LoginTest" name="testValidLogin" time="1.358"/>
  <testcase classname="test.LoginTest" name="testValidLogin" time="1.026"/>
  <testcase classname="test.LoginTest" name="testValidLogin" time="0.963"/>
</testsuite> <!-- Default test -->
