<?xml version="1.0" encoding="UTF-8"?>
<!-- Generated by org.testng.reporters.JUnitXMLReporter -->
<testsuite ignored="0" hostname="DESKTOP-RK7M9RD" failures="0" tests="3" name="Default test" time="30.347" errors="0" timestamp="2025-06-20T22:14:10 NPT">
  <testcase classname="test.LoginTest" name="testValidLogin" time="1.116"/>
  <testcase classname="test.LoginTest" name="testValidLogin" time="1.015"/>
  <testcase classname="test.LoginTest" name="testValidLogin" time="1.072"/>
</testsuite> <!-- Default test -->
