<?xml version="1.0" encoding="UTF-8"?>
<testng-results ignored="0" total="1" passed="1" failed="0" skipped="0">
  <reporter-output>
  </reporter-output>
  <suite started-at="2025-06-17T19:27:21 NPT" name="Default suite" finished-at="2025-06-17T19:27:32 NPT" duration-ms="10884">
    <groups>
    </groups>
    <test started-at="2025-06-17T19:27:21 NPT" name="Default test" finished-at="2025-06-17T19:27:32 NPT" duration-ms="10884">
      <class name="test.LoginTest">
        <test-method is-config="true" signature="setUp()[pri:0, instance:test.LoginTest@6a6cb05c]" started-at="2025-06-17T19:27:21 NPT" name="setUp" finished-at="2025-06-17T19:27:31 NPT" duration-ms="9498" status="PASS">
          <reporter-output>
          </reporter-output>
        </test-method> <!-- setUp -->
        <test-method signature="testValidLogin()[pri:0, instance:test.LoginTest@6a6cb05c]" started-at="2025-06-17T19:27:31 NPT" name="testValidLogin" finished-at="2025-06-17T19:27:32 NPT" duration-ms="888" status="PASS">
          <reporter-output>
          </reporter-output>
        </test-method> <!-- testValidLogin -->
        <test-method is-config="true" signature="tearDown()[pri:0, instance:test.LoginTest@6a6cb05c]" started-at="2025-06-17T19:27:32 NPT" name="tearDown" finished-at="2025-06-17T19:27:32 NPT" duration-ms="401" status="PASS">
          <reporter-output>
          </reporter-output>
        </test-method> <!-- tearDown -->
      </class> <!-- test.LoginTest -->
    </test> <!-- Default test -->
  </suite> <!-- Default suite -->
</testng-results>
